[LOG] System::create                           : Header version = 2.00.09. Current version = 2.00.09.
[LOG] Manager::init                            : maxchannels = 256 studioflags = 00000006 flags 00000000 extradriverdata 0000000000000000.
[LOG] SystemI::init                            : Initialize version=20009 (109255), maxchannels=256, flags=0x00020000
[LOG] SystemI::setOutputInternal               : Setting output to 'FMOD WASAPI Output'
[LOG] OutputWASAPI::init                       : Mix Format (WAVEFORMATEX): wFormatTag=0xFFFE, nChannels=2, nSamplesPerSec=48000, nAvgBytesPerSec=384000, nBlockAlign=8, wBitsPerSample=32, cbSize=22.
[LOG] OutputWASAPI::init                       : Mix Format (WAVEFORMATEXTENSIBLE): wValidBitsPerSample=32, dwChannelMask=0x00000003, SubFormat=00000003-0000-0010-8000-00AA00389B71.
[LOG] OutputWASAPI::init                       : Output buffer size: 4096 samples, latency: 0.00ms, period: 10.00ms, DSP buffer: 1024 * 4
[LOG] Thread::initThread                       : Init FMOD stream thread. Priority: 2, Stack Size: 98304, Semaphore: No, Sleep Time: 10, Looping: Yes.
[LOG] Thread::initThread                       : Init FMOD mixer thread. Priority: 3, Stack Size: 81920, Semaphore: No, Sleep Time: 0, Looping: Yes.
[LOG] AsyncManager::init                       : manager 0000017180964FE8 isAsync 0 updatePeriod 0.02
[LOG] AsyncManager::init                       : done
[LOG] PlaybackSystem::init                     : 
[LOG] Thread::initThread                       : Init FMOD Studio sample load thread. Priority: 0, Stack Size: 98304, Semaphore: No, Sleep Time: 1, Looping: No.
[LOG] PlaybackSystem::init                     : done
[LOG] Thread::initThread                       : Init FMOD Studio bank load thread. Priority: 0, Stack Size: 98304, Semaphore: No, Sleep Time: 1, Looping: No.
[LOG] Manager::init                            : done.
[LOG] Manager::readBank                        : fileversion = 125, compatVersion = 119 (oldest = 44, newest = 125)
[LOG] SystemI::createSoundInternal             : Create name='', mode=0x02000202
[LOG] SystemI::createSoundInternal             : exinfo->cbsize             = 224
[LOG] SystemI::createSoundInternal             : exinfo->length             = 11424480
[LOG] SystemI::createSoundInternal             : exinfo->fileoffset         = 120352
[LOG] SystemI::createSoundInternal             : exinfo->numsubsounds       = 1
[LOG] SystemI::createSoundInternal             : exinfo->inclusionlist      = 00000034AD50F11C
[LOG] SystemI::createSoundInternal             : exinfo->inclusionlistnum   = 1
[LOG] SystemI::createSoundInternal             : exinfo->suggestedsoundtype = 5
[LOG] SystemI::createSoundInternal             : exinfo->useropen           = 00007FFF4D9EC330
[LOG] SystemI::createSoundInternal             : exinfo->userclose          = 00007FFF4D9EC300
[LOG] SystemI::createSoundInternal             : exinfo->userread           = 00007FFF4D9EC400
[LOG] SystemI::createSoundInternal             : exinfo->userseek           = 00007FFF4D9EC4C0
[LOG] SystemI::createSoundInternal             : exinfo->fileuserdata       = 0000017195C254E8
[LOG] SystemI::createSoundInternal             : exinfo->initialseekpostype = 1
[LOG] SystemI::DSPCodecPoolRegister            : register codec pool for pool type 5
[LOG] SystemI::createSoundInternal             : Sample 0/1: name='PlayerFootstep_wood_02', format=2, channels=2, frequency=48000, lengthbytes=2624, lengthpcm=12000, pcmblocksize=0, loopstart=0, loopend=0, mode=0x00000000, channelmask=0x00000000, channelorder=0, peakvolume=0.696782.
[LOG] SystemI::createSoundInternal             : Create name='', mode=0x02000202
[LOG] SystemI::createSoundInternal             : exinfo->cbsize             = 224
[LOG] SystemI::createSoundInternal             : exinfo->length             = 11424480
[LOG] SystemI::createSoundInternal             : exinfo->fileoffset         = 120352
[LOG] SystemI::createSoundInternal             : exinfo->numsubsounds       = 1
[LOG] SystemI::createSoundInternal             : exinfo->inclusionlist      = 00000034AD50F11C
[LOG] SystemI::createSoundInternal             : exinfo->inclusionlistnum   = 1
[LOG] SystemI::createSoundInternal             : exinfo->suggestedsoundtype = 5
[LOG] SystemI::createSoundInternal             : exinfo->useropen           = 00007FFF4D9EC330
[LOG] SystemI::createSoundInternal             : exinfo->userclose          = 00007FFF4D9EC300
[LOG] SystemI::createSoundInternal             : exinfo->userread           = 00007FFF4D9EC400
[LOG] SystemI::createSoundInternal             : exinfo->userseek           = 00007FFF4D9EC4C0
[LOG] SystemI::createSoundInternal             : exinfo->fileuserdata       = 0000017195C254E8
[LOG] SystemI::createSoundInternal             : exinfo->initialseekpostype = 1
[LOG] SystemI::DSPCodecPoolRegister            : register codec pool for pool type 5
[LOG] SystemI::createSoundInternal             : Sample 0/1: name='PlayerFootstep_wood_06', format=2, channels=2, frequency=48000, lengthbytes=2592, lengthpcm=11545, pcmblocksize=0, loopstart=0, loopend=0, mode=0x00000000, channelmask=0x00000000, channelorder=0, peakvolume=0.706605.
[LOG] SystemI::createSoundInternal             : Create name='', mode=0x02000202
[LOG] SystemI::createSoundInternal             : exinfo->cbsize             = 224
[LOG] SystemI::createSoundInternal             : exinfo->length             = 11424480
[LOG] SystemI::createSoundInternal             : exinfo->fileoffset         = 120352
[LOG] SystemI::createSoundInternal             : exinfo->numsubsounds       = 1
[LOG] SystemI::createSoundInternal             : exinfo->inclusionlist      = 00000034AD50F11C
[LOG] SystemI::createSoundInternal             : exinfo->inclusionlistnum   = 1
[LOG] SystemI::createSoundInternal             : exinfo->suggestedsoundtype = 5
[LOG] SystemI::createSoundInternal             : exinfo->useropen           = 00007FFF4D9EC330
[LOG] SystemI::createSoundInternal             : exinfo->userclose          = 00007FFF4D9EC300
[LOG] SystemI::createSoundInternal             : exinfo->userread           = 00007FFF4D9EC400
[LOG] SystemI::createSoundInternal             : exinfo->userseek           = 00007FFF4D9EC4C0
[LOG] SystemI::createSoundInternal             : exinfo->fileuserdata       = 0000017195C254E8
[LOG] SystemI::createSoundInternal             : exinfo->initialseekpostype = 1
[LOG] SystemI::DSPCodecPoolRegister            : register codec pool for pool type 5
[LOG] SystemI::createSoundInternal             : Sample 0/1: name='PlayerFootstep_wood_04', format=2, channels=2, frequency=48000, lengthbytes=2624, lengthpcm=12000, pcmblocksize=0, loopstart=0, loopend=0, mode=0x00000000, channelmask=0x00000000, channelorder=0, peakvolume=0.706247.
[LOG] SystemI::createSoundInternal             : Create name='', mode=0x02000202
[LOG] SystemI::createSoundInternal             : exinfo->cbsize             = 224
[LOG] SystemI::createSoundInternal             : exinfo->length             = 11424480
[LOG] SystemI::createSoundInternal             : exinfo->fileoffset         = 120352
[LOG] SystemI::createSoundInternal             : exinfo->numsubsounds       = 1
[LOG] SystemI::createSoundInternal             : exinfo->inclusionlist      = 00000034AD50F11C
[LOG] SystemI::createSoundInternal             : exinfo->inclusionlistnum   = 1
[LOG] SystemI::createSoundInternal             : exinfo->suggestedsoundtype = 5
[LOG] SystemI::createSoundInternal             : exinfo->useropen           = 00007FFF4D9EC330
[LOG] SystemI::createSoundInternal             : exinfo->userclose          = 00007FFF4D9EC300
[LOG] SystemI::createSoundInternal             : exinfo->userread           = 00007FFF4D9EC400
[LOG] SystemI::createSoundInternal             : exinfo->userseek           = 00007FFF4D9EC4C0
[LOG] SystemI::createSoundInternal             : exinfo->fileuserdata       = 0000017195C254E8
[LOG] SystemI::createSoundInternal             : exinfo->initialseekpostype = 1
[LOG] SystemI::DSPCodecPoolRegister            : register codec pool for pool type 5
[LOG] SystemI::createSoundInternal             : Sample 0/1: name='PlayerFootstep_wood_05', format=2, channels=2, frequency=48000, lengthbytes=2528, lengthpcm=12000, pcmblocksize=0, loopstart=0, loopend=0, mode=0x00000000, channelmask=0x00000000, channelorder=0, peakvolume=0.708802.
[LOG] SystemI::createSoundInternal             : Create name='', mode=0x02000202
[LOG] SystemI::createSoundInternal             : exinfo->cbsize             = 224
[LOG] SystemI::createSoundInternal             : exinfo->length             = 11424480
[LOG] SystemI::createSoundInternal             : exinfo->fileoffset         = 120352
[LOG] SystemI::createSoundInternal             : exinfo->numsubsounds       = 1
[LOG] SystemI::createSoundInternal             : exinfo->inclusionlist      = 00000034AD50F11C
[LOG] SystemI::createSoundInternal             : exinfo->inclusionlistnum   = 1
[LOG] SystemI::createSoundInternal             : exinfo->suggestedsoundtype = 5
[LOG] SystemI::createSoundInternal             : exinfo->useropen           = 00007FFF4D9EC330
[LOG] SystemI::createSoundInternal             : exinfo->userclose          = 00007FFF4D9EC300
[LOG] SystemI::createSoundInternal             : exinfo->userread           = 00007FFF4D9EC400
[LOG] SystemI::createSoundInternal             : exinfo->userseek           = 00007FFF4D9EC4C0
[LOG] SystemI::createSoundInternal             : exinfo->fileuserdata       = 0000017195C254E8
[LOG] SystemI::createSoundInternal             : exinfo->initialseekpostype = 1
[LOG] SystemI::DSPCodecPoolRegister            : register codec pool for pool type 5
[LOG] SystemI::createSoundInternal             : Sample 0/1: name='PlayerFootstep_wood_03', format=2, channels=2, frequency=48000, lengthbytes=2656, lengthpcm=11779, pcmblocksize=0, loopstart=0, loopend=0, mode=0x00000000, channelmask=0x00000000, channelorder=0, peakvolume=0.708649.
[LOG] SystemI::createSoundInternal             : Create name='', mode=0x02000202
[LOG] SystemI::createSoundInternal             : exinfo->cbsize             = 224
[LOG] SystemI::createSoundInternal             : exinfo->length             = 11424480
[LOG] SystemI::createSoundInternal             : exinfo->fileoffset         = 120352
[LOG] SystemI::createSoundInternal             : exinfo->numsubsounds       = 1
[LOG] SystemI::createSoundInternal             : exinfo->inclusionlist      = 00000034AD50F11C
[LOG] SystemI::createSoundInternal             : exinfo->inclusionlistnum   = 1
[LOG] SystemI::createSoundInternal             : exinfo->suggestedsoundtype = 5
[LOG] SystemI::createSoundInternal             : exinfo->useropen           = 00007FFF4D9EC330
[LOG] SystemI::createSoundInternal             : exinfo->userclose          = 00007FFF4D9EC300
[LOG] SystemI::createSoundInternal             : exinfo->userread           = 00007FFF4D9EC400
[LOG] SystemI::createSoundInternal             : exinfo->userseek           = 00007FFF4D9EC4C0
[LOG] SystemI::createSoundInternal             : exinfo->fileuserdata       = 0000017195C254E8
[LOG] SystemI::createSoundInternal             : exinfo->initialseekpostype = 1
[LOG] SystemI::DSPCodecPoolRegister            : register codec pool for pool type 5
[LOG] SystemI::createSoundInternal             : Sample 0/1: name='PlayerFootstep_wood_01', format=2, channels=2, frequency=48000, lengthbytes=2624, lengthpcm=12000, pcmblocksize=0, loopstart=0, loopend=0, mode=0x00000000, channelmask=0x00000000, channelorder=0, peakvolume=0.708934.
[LOG] Manager::readBank                        : fileversion = 125, compatVersion = 119 (oldest = 44, newest = 125)
[LOG] Manager::readBank                        : fileversion = 125, compatVersion = 119 (oldest = 44, newest = 125)
[LOG] SoundI::release                          :  (00000171FB5A9558)
[LOG] SoundI::release                          :     PlayerFootstep_wood_01 (0000017180F768A8)
[LOG] SoundI::release                          :  (00000171FB5AA528)
[LOG] SoundI::release                          :     PlayerFootstep_wood_02 (0000017180F74828)
[LOG] SoundI::release                          :  (00000171FB5AA698)
[LOG] SoundI::release                          :     PlayerFootstep_wood_03 (0000017180F749C8)
[LOG] SoundI::release                          :  (00000171FB5AAC58)
[LOG] SoundI::release                          :     PlayerFootstep_wood_04 (0000017180F76228)
[LOG] SoundI::release                          :  (00000171FB5A9F68)
[LOG] SoundI::release                          :     PlayerFootstep_wood_05 (0000017180F76568)
[LOG] SoundI::release                          :  (00000171FB5A9B18)
[LOG] SoundI::release                          :     PlayerFootstep_wood_06 (0000017180F76BE8)
[LOG] SoundI::release                          :  (00000171FB5A7728)
[LOG] SoundI::release                          :     amb_coffee_01 (000001718890CCE8)
[LOG] SoundI::release                          :  (00000171FB5A3F18)
[LOG] SoundI::release                          :     amb_coffee_02 (0000017188910288)
[LOG] SoundI::release                          :  (00000171FB5A7FC8)
[LOG] SoundI::release                          :     amb_coffee_03 (000001718890FC08)
[LOG] SoundI::release                          :  (00000171FB5A75B8)
[LOG] SoundI::release                          :     amb_coffee_04 (000001718890FF48)
[LOG] SoundI::release                          : waiting_room_music (0000017195AC9C08)
[LOG] SoundI::release                          :     waiting_room_music (0000017188910F88)
[LOG] SoundI::release                          :     waiting_room_music (0000017195AC8108)
[LOG] SoundI::release                          : amb_coffee_bar (0000017195AC45F8)
[LOG] SoundI::release                          :     amb_coffee_bar (0000017180F76708)
[LOG] SoundI::release                          :     amb_coffee_bar (0000017195AC40E8)
[LOG] SoundI::release                          :  (00000171FB5A8138)
[LOG] SoundI::release                          :     amb_coffee_05 (0000017188910908)
[LOG] SoundI::release                          :  (00000171FB5A8868)
[LOG] SoundI::release                          :     amb_coffee_06 (00000171889105C8)
[LOG] Thread::callback                         : FMOD Studio update thread finished.
[LOG] Thread::callback                         : FMOD Studio bank load thread finished.
[LOG] Profile::disconnectAll                   : Profiler disconnecting all clients
[LOG] Thread::callback                         : FMOD Studio sample load thread finished.
[LOG] LiveUpdate::release                      : 
[LOG] LiveUpdate::reset                        : Reset connection (reason Disconnected)
[LOG] Thread::callback                         : FMOD stream thread finished.
[LOG] Thread::callback                         : FMOD mixer thread finished.
[LOG] Profile::disconnectAll                   : Profiler disconnecting all clients
[LOG] SystemI::close                           : Closed.
[LOG] Manager::readBank                        : fileversion = 125, compatVersion = 119 (oldest = 44, newest = 125)
[LOG] Manager::readBank                        : fileversion = 125, compatVersion = 119 (oldest = 44, newest = 125)
[LOG] Manager::readBank                        : fileversion = 125, compatVersion = 119 (oldest = 44, newest = 125)
[WRN] PluginEffectModel::init                  : Missing DSP plugin 'Resonance Audio Source'
[WRN] PostLoad::initPluginEffects              : Creating stub DSP plugin model and continuing.
[WRN] PluginEffectModel::init                  : Missing DSP plugin 'Resonance Audio Source'
[WRN] PostLoad::initPluginEffects              : Creating stub DSP plugin model and continuing.
[WRN] PluginEffectModel::init                  : Missing DSP plugin 'Resonance Audio Source'
[WRN] PostLoad::initPluginEffects              : Creating stub DSP plugin model and continuing.
[WRN] PluginEffectModel::init                  : Missing DSP plugin 'Resonance Audio Source'
[WRN] PostLoad::initPluginEffects              : Creating stub DSP plugin model and continuing.
[WRN] PluginEffectModel::init                  : Missing DSP plugin 'Resonance Audio Source'
[WRN] PostLoad::initPluginEffects              : Creating stub DSP plugin model and continuing.
[WRN] PluginEffectModel::init                  : Missing DSP plugin 'Resonance Audio Source'
[WRN] PostLoad::initPluginEffects              : Creating stub DSP plugin model and continuing.
[WRN] PluginEffectModel::init                  : Missing DSP plugin 'Resonance Audio Source'
[WRN] PostLoad::initPluginEffects              : Creating stub DSP plugin model and continuing.
[WRN] PluginEffectModel::init                  : Missing DSP plugin 'Resonance Audio Source'
[WRN] PostLoad::initPluginEffects              : Creating stub DSP plugin model and continuing.
[WRN] PluginEffectModel::init                  : Missing DSP plugin 'Resonance Audio Source'
[WRN] PostLoad::initPluginEffects              : Creating stub DSP plugin model and continuing.
[WRN] PluginEffectModel::init                  : Missing DSP plugin 'Resonance Audio Source'
[WRN] PostLoad::initPluginEffects              : Creating stub DSP plugin model and continuing.
[WRN] PluginEffectModel::init                  : Missing DSP plugin 'Resonance Audio Source'
[WRN] PostLoad::initPluginEffects              : Creating stub DSP plugin model and continuing.
[WRN] PluginEffectModel::init                  : Missing DSP plugin 'Resonance Audio Source'
[WRN] PostLoad::initPluginEffects              : Creating stub DSP plugin model and continuing.
[WRN] PluginEffectModel::init                  : Missing DSP plugin 'Resonance Audio Source'
[WRN] PostLoad::initPluginEffects              : Creating stub DSP plugin model and continuing.
[WRN] PluginEffectModel::init                  : Missing DSP plugin 'Resonance Audio Source'
[WRN] PostLoad::initPluginEffects              : Creating stub DSP plugin model and continuing.
[WRN] PluginEffectModel::init                  : Missing DSP plugin 'Resonance Audio Source'
[WRN] PostLoad::initPluginEffects              : Creating stub DSP plugin model and continuing.
[WRN] PluginEffectModel::init                  : Missing DSP plugin 'Resonance Audio Source'
[WRN] PostLoad::initPluginEffects              : Creating stub DSP plugin model and continuing.
[WRN] PluginEffectModel::init                  : Missing DSP plugin 'Resonance Audio Source'
[WRN] PostLoad::initPluginEffects              : Creating stub DSP plugin model and continuing.
[WRN] PluginEffectModel::init                  : Missing DSP plugin 'Resonance Audio Source'
[WRN] PostLoad::initPluginEffects              : Creating stub DSP plugin model and continuing.
[WRN] PluginEffectModel::init                  : Missing DSP plugin 'Resonance Audio Source'
[WRN] PostLoad::initPluginEffects              : Creating stub DSP plugin model and continuing.
[WRN] PluginEffectModel::init                  : Missing DSP plugin 'Resonance Audio Source'
[WRN] PostLoad::initPluginEffects              : Creating stub DSP plugin model and continuing.
[WRN] PluginEffectModel::init                  : Missing DSP plugin 'Resonance Audio Source'
[WRN] PostLoad::initPluginEffects              : Creating stub DSP plugin model and continuing.
[WRN] PluginEffectModel::init                  : Missing DSP plugin 'Resonance Audio Source'
[WRN] PostLoad::initPluginEffects              : Creating stub DSP plugin model and continuing.
[WRN] PluginEffectModel::init                  : Missing DSP plugin 'Resonance Audio Source'
[WRN] PostLoad::initPluginEffects              : Creating stub DSP plugin model and continuing.
[WRN] PluginEffectModel::init                  : Missing DSP plugin 'Resonance Audio Source'
[WRN] PostLoad::initPluginEffects              : Creating stub DSP plugin model and continuing.
[WRN] PluginEffectModel::init                  : Missing DSP plugin 'Resonance Audio Source'
[WRN] PostLoad::initPluginEffects              : Creating stub DSP plugin model and continuing.
[WRN] PluginEffectModel::init                  : Missing DSP plugin 'Resonance Audio Source'
[WRN] PostLoad::initPluginEffects              : Creating stub DSP plugin model and continuing.
[WRN] PluginEffectModel::init                  : Missing DSP plugin 'Resonance Audio Source'
[WRN] PostLoad::initPluginEffects              : Creating stub DSP plugin model and continuing.
[WRN] PluginEffectModel::init                  : Missing DSP plugin 'Resonance Audio Source'
[WRN] PostLoad::initPluginEffects              : Creating stub DSP plugin model and continuing.
[WRN] PluginEffectModel::init                  : Missing DSP plugin 'Resonance Audio Listener'
[WRN] PostLoad::initPluginEffects              : Creating stub DSP plugin model and continuing.
[WRN] PluginEffectModel::init                  : Missing DSP plugin 'Resonance Audio Source'
[WRN] PostLoad::initPluginEffects              : Creating stub DSP plugin model and continuing.
[WRN] PluginEffectModel::init                  : Missing DSP plugin 'Resonance Audio Source'
[WRN] PostLoad::initPluginEffects              : Creating stub DSP plugin model and continuing.
[WRN] PluginEffectModel::init                  : Missing DSP plugin 'Resonance Audio Source'
[WRN] PostLoad::initPluginEffects              : Creating stub DSP plugin model and continuing.
[WRN] PluginEffectModel::init                  : Missing DSP plugin 'Resonance Audio Source'
[WRN] PostLoad::initPluginEffects              : Creating stub DSP plugin model and continuing.
[WRN] PluginEffectModel::init                  : Missing DSP plugin 'Resonance Audio Source'
[WRN] PostLoad::initPluginEffects              : Creating stub DSP plugin model and continuing.
[WRN] PluginEffectModel::init                  : Missing DSP plugin 'Resonance Audio Source'
[WRN] PostLoad::initPluginEffects              : Creating stub DSP plugin model and continuing.
[WRN] PluginEffectModel::init                  : Missing DSP plugin 'Resonance Audio Source'
[WRN] PostLoad::initPluginEffects              : Creating stub DSP plugin model and continuing.
[WRN] PluginEffectModel::init                  : Missing DSP plugin 'Resonance Audio Source'
[WRN] PostLoad::initPluginEffects              : Creating stub DSP plugin model and continuing.
[WRN] PluginEffectModel::init                  : Missing DSP plugin 'Resonance Audio Source'
[WRN] PostLoad::initPluginEffects              : Creating stub DSP plugin model and continuing.
[WRN] PluginEffectModel::init                  : Missing DSP plugin 'Resonance Audio Source'
[WRN] PostLoad::initPluginEffects              : Creating stub DSP plugin model and continuing.
[WRN] PluginEffectModel::init                  : Missing DSP plugin 'Resonance Audio Source'
[WRN] PostLoad::initPluginEffects              : Creating stub DSP plugin model and continuing.
[WRN] PluginEffectModel::init                  : Missing DSP plugin 'Resonance Audio Source'
[WRN] PostLoad::initPluginEffects              : Creating stub DSP plugin model and continuing.
[WRN] PluginEffectModel::init                  : Missing DSP plugin 'Resonance Audio Source'
[WRN] PostLoad::initPluginEffects              : Creating stub DSP plugin model and continuing.
[WRN] PluginEffectModel::init                  : Missing DSP plugin 'Resonance Audio Source'
[WRN] PostLoad::initPluginEffects              : Creating stub DSP plugin model and continuing.
[WRN] PluginEffectModel::init                  : Missing DSP plugin 'Resonance Audio Source'
[WRN] PostLoad::initPluginEffects              : Creating stub DSP plugin model and continuing.
[WRN] PluginEffectModel::init                  : Missing DSP plugin 'Resonance Audio Source'
[WRN] PostLoad::initPluginEffects              : Creating stub DSP plugin model and continuing.
[WRN] PluginEffectModel::init                  : Missing DSP plugin 'Resonance Audio Source'
[WRN] PostLoad::initPluginEffects              : Creating stub DSP plugin model and continuing.
[WRN] PluginEffectModel::init                  : Missing DSP plugin 'Resonance Audio Source'
[WRN] PostLoad::initPluginEffects              : Creating stub DSP plugin model and continuing.
[WRN] PluginEffectModel::init                  : Missing DSP plugin 'Resonance Audio Source'
[WRN] PostLoad::initPluginEffects              : Creating stub DSP plugin model and continuing.
[WRN] PluginEffectModel::init                  : Missing DSP plugin 'Resonance Audio Source'
[WRN] PostLoad::initPluginEffects              : Creating stub DSP plugin model and continuing.
[WRN] PluginEffectModel::init                  : Missing DSP plugin 'Resonance Audio Source'
[WRN] PostLoad::initPluginEffects              : Creating stub DSP plugin model and continuing.
[WRN] PluginEffectModel::init                  : Missing DSP plugin 'Resonance Audio Source'
[WRN] PostLoad::initPluginEffects              : Creating stub DSP plugin model and continuing.
[WRN] PluginEffectModel::init                  : Missing DSP plugin 'Resonance Audio Source'
[WRN] PostLoad::initPluginEffects              : Creating stub DSP plugin model and continuing.
[WRN] PluginEffectModel::init                  : Missing DSP plugin 'Resonance Audio Source'
[WRN] PostLoad::initPluginEffects              : Creating stub DSP plugin model and continuing.
[WRN] PluginEffectModel::init                  : Missing DSP plugin 'Resonance Audio Source'
[WRN] PostLoad::initPluginEffects              : Creating stub DSP plugin model and continuing.
[WRN] PluginEffectModel::init                  : Missing DSP plugin 'Resonance Audio Source'
[WRN] PostLoad::initPluginEffects              : Creating stub DSP plugin model and continuing.
[WRN] PluginEffectModel::init                  : Missing DSP plugin 'Resonance Audio Source'
[WRN] PostLoad::initPluginEffects              : Creating stub DSP plugin model and continuing.
[WRN] PluginEffectModel::init                  : Missing DSP plugin 'Resonance Audio Source'
[WRN] PostLoad::initPluginEffects              : Creating stub DSP plugin model and continuing.
[WRN] PluginEffectModel::init                  : Missing DSP plugin 'Resonance Audio Source'
[WRN] PostLoad::initPluginEffects              : Creating stub DSP plugin model and continuing.
[WRN] PluginEffectModel::init                  : Missing DSP plugin 'Resonance Audio Source'
[WRN] PostLoad::initPluginEffects              : Creating stub DSP plugin model and continuing.
[WRN] PluginEffectModel::init                  : Missing DSP plugin 'Resonance Audio Source'
[WRN] PostLoad::initPluginEffects              : Creating stub DSP plugin model and continuing.
[WRN] PluginEffectModel::init                  : Missing DSP plugin 'Resonance Audio Source'
[WRN] PostLoad::initPluginEffects              : Creating stub DSP plugin model and continuing.
[WRN] PluginEffectModel::init                  : Missing DSP plugin 'Resonance Audio Source'
[WRN] PostLoad::initPluginEffects              : Creating stub DSP plugin model and continuing.
[WRN] PluginEffectModel::init                  : Missing DSP plugin 'Resonance Audio Source'
[WRN] PostLoad::initPluginEffects              : Creating stub DSP plugin model and continuing.
[WRN] PluginEffectModel::init                  : Missing DSP plugin 'Resonance Audio Source'
[WRN] PostLoad::initPluginEffects              : Creating stub DSP plugin model and continuing.
[WRN] PluginEffectModel::init                  : Missing DSP plugin 'Resonance Audio Source'
[WRN] PostLoad::initPluginEffects              : Creating stub DSP plugin model and continuing.
[WRN] PluginEffectModel::init                  : Missing DSP plugin 'Resonance Audio Source'
[WRN] PostLoad::initPluginEffects              : Creating stub DSP plugin model and continuing.
[WRN] PluginEffectModel::init                  : Missing DSP plugin 'Resonance Audio Source'
[WRN] PostLoad::initPluginEffects              : Creating stub DSP plugin model and continuing.
[WRN] PluginEffectModel::init                  : Missing DSP plugin 'Resonance Audio Source'
[WRN] PostLoad::initPluginEffects              : Creating stub DSP plugin model and continuing.
[WRN] PluginEffectModel::init                  : Missing DSP plugin 'Resonance Audio Source'
[WRN] PostLoad::initPluginEffects              : Creating stub DSP plugin model and continuing.
[WRN] PluginEffectModel::init                  : Missing DSP plugin 'Resonance Audio Source'
[WRN] PostLoad::initPluginEffects              : Creating stub DSP plugin model and continuing.
[WRN] PluginEffectModel::init                  : Missing DSP plugin 'Resonance Audio Source'
[WRN] PostLoad::initPluginEffects              : Creating stub DSP plugin model and continuing.
[WRN] PluginEffectModel::init                  : Missing DSP plugin 'Resonance Audio Source'
[WRN] PostLoad::initPluginEffects              : Creating stub DSP plugin model and continuing.
[WRN] PluginEffectModel::init                  : Missing DSP plugin 'Resonance Audio Source'
[WRN] PostLoad::initPluginEffects              : Creating stub DSP plugin model and continuing.
[WRN] PluginEffectModel::init                  : Missing DSP plugin 'Resonance Audio Source'
[WRN] PostLoad::initPluginEffects              : Creating stub DSP plugin model and continuing.
[WRN] PluginEffectModel::init                  : Missing DSP plugin 'Resonance Audio Source'
[WRN] PostLoad::initPluginEffects              : Creating stub DSP plugin model and continuing.
[WRN] PluginEffectModel::init                  : Missing DSP plugin 'Resonance Audio Source'
[WRN] PostLoad::initPluginEffects              : Creating stub DSP plugin model and continuing.
[WRN] PluginEffectModel::init                  : Missing DSP plugin 'Resonance Audio Source'
[WRN] PostLoad::initPluginEffects              : Creating stub DSP plugin model and continuing.
[WRN] PluginEffectModel::init                  : Missing DSP plugin 'Resonance Audio Source'
[WRN] PostLoad::initPluginEffects              : Creating stub DSP plugin model and continuing.
[WRN] PluginEffectModel::init                  : Missing DSP plugin 'Resonance Audio Source'
[WRN] PostLoad::initPluginEffects              : Creating stub DSP plugin model and continuing.
[WRN] PluginEffectModel::init                  : Missing DSP plugin 'Resonance Audio Source'
[WRN] PostLoad::initPluginEffects              : Creating stub DSP plugin model and continuing.
[WRN] PluginEffectModel::init                  : Missing DSP plugin 'Resonance Audio Source'
[WRN] PostLoad::initPluginEffects              : Creating stub DSP plugin model and continuing.
[WRN] PluginEffectModel::init                  : Missing DSP plugin 'Resonance Audio Source'
[WRN] PostLoad::initPluginEffects              : Creating stub DSP plugin model and continuing.
[WRN] PluginEffectModel::init                  : Missing DSP plugin 'Resonance Audio Source'
[WRN] PostLoad::initPluginEffects              : Creating stub DSP plugin model and continuing.
[WRN] PluginEffectModel::init                  : Missing DSP plugin 'Resonance Audio Source'
[WRN] PostLoad::initPluginEffects              : Creating stub DSP plugin model and continuing.
[WRN] PluginEffectModel::init                  : Missing DSP plugin 'Resonance Audio Source'
[WRN] PostLoad::initPluginEffects              : Creating stub DSP plugin model and continuing.
[WRN] PluginEffectModel::init                  : Missing DSP plugin 'Resonance Audio Source'
[WRN] PostLoad::initPluginEffects              : Creating stub DSP plugin model and continuing.
[WRN] PluginEffectModel::init                  : Missing DSP plugin 'Resonance Audio Source'
[WRN] PostLoad::initPluginEffects              : Creating stub DSP plugin model and continuing.
[WRN] PluginEffectModel::init                  : Missing DSP plugin 'Resonance Audio Source'
[WRN] PostLoad::initPluginEffects              : Creating stub DSP plugin model and continuing.
[WRN] PluginEffectModel::init                  : Missing DSP plugin 'Resonance Audio Source'
[WRN] PostLoad::initPluginEffects              : Creating stub DSP plugin model and continuing.
[WRN] EffectInstanceFactory::create            : Creating stub DSP for plugin 'Resonance Audio Listener'
[LOG] PlaybackSystem::acquireMasterBus         : Setting master channel group format to 6
